MWMUR_C3_ARF_IMG/Temp/gradleOut/launcher/build/intermediates/manifest_merge_blame_file/release/manifest-merger-blame-release-report.txt
1<?xml version="1.0" encoding="utf-8"?>
2<!-- GENERATED BY UNITY. REMOVE THIS COMMENT TO PREVENT OVERWRITING WHEN EXPORTING AGAIN -->
3<manifest xmlns:android="http://schemas.android.com/apk/res/android"
4    package="com.DefaultCompany.MWMUR_ARF_IMG"
5    android:installLocation="preferExternal"
6    android:versionCode="1"
7    android:versionName="0.1" >
8
9    <uses-sdk
10        android:minSdkVersion="26"
10-->src/main/AndroidManifest.xml
11        android:targetSdkVersion="28" />
11-->src/main/AndroidManifest.xml
12
13    <supports-screens
13-->src/main/AndroidManifest.xml:4:3-163
14        android:anyDensity="true"
14-->src/main/AndroidManifest.xml:4:135-160
15        android:largeScreens="true"
15-->src/main/AndroidManifest.xml:4:78-105
16        android:normalScreens="true"
16-->src/main/AndroidManifest.xml:4:49-77
17        android:smallScreens="true"
17-->src/main/AndroidManifest.xml:4:21-48
18        android:xlargeScreens="true" />
18-->src/main/AndroidManifest.xml:4:106-134
19
20    <uses-feature android:glEsVersion="0x00030000" />
20-->[:unityLibrary] AndroidManifest.xml:13:5-54
20-->[:unityLibrary] AndroidManifest.xml:13:19-51
21    <uses-feature
21-->[:unityLibrary] AndroidManifest.xml:14:5-16:36
22        android:name="android.hardware.vulkan.version"
22-->[:unityLibrary] AndroidManifest.xml:15:9-55
23        android:required="false" />
23-->[:unityLibrary] AndroidManifest.xml:16:9-33
24
25    <uses-permission android:name="android.permission.INTERNET" />
25-->[:unityLibrary] AndroidManifest.xml:18:5-67
25-->[:unityLibrary] AndroidManifest.xml:18:22-64
26
27    <uses-feature
27-->[:unityLibrary] AndroidManifest.xml:20:5-22:36
28        android:name="android.hardware.touchscreen"
28-->[:unityLibrary] AndroidManifest.xml:21:9-52
29        android:required="false" />
29-->[:unityLibrary] AndroidManifest.xml:22:9-33
30    <uses-feature
30-->[:unityLibrary] AndroidManifest.xml:23:5-25:36
31        android:name="android.hardware.touchscreen.multitouch"
31-->[:unityLibrary] AndroidManifest.xml:24:9-63
32        android:required="false" />
32-->[:unityLibrary] AndroidManifest.xml:25:9-33
33    <uses-feature
33-->[:unityLibrary] AndroidManifest.xml:26:5-28:36
34        android:name="android.hardware.touchscreen.multitouch.distinct"
34-->[:unityLibrary] AndroidManifest.xml:27:9-72
35        android:required="false" />
35-->[:unityLibrary] AndroidManifest.xml:28:9-33
36
37    <uses-permission android:name="android.permission.CAMERA" />
37-->[:unityLibrary] AndroidManifest.xml:30:5-65
37-->[:unityLibrary] AndroidManifest.xml:30:22-62
38
39    <uses-feature
39-->[:unityLibrary] AndroidManifest.xml:32:5-34:35
40        android:name="android.hardware.camera.ar"
40-->[:unityLibrary] AndroidManifest.xml:33:9-50
41        android:required="true" />
41-->[:unityLibrary] AndroidManifest.xml:34:9-32
42
43    <application
43-->src/main/AndroidManifest.xml:5:3-116
44        android:extractNativeLibs="true"
44-->src/main/AndroidManifest.xml:5:16-48
45        android:icon="@mipmap/app_icon"
45-->src/main/AndroidManifest.xml:5:82-113
46        android:label="@string/app_name" >
46-->src/main/AndroidManifest.xml:5:49-81
47        <activity
47-->[:unityLibrary] AndroidManifest.xml:37:9-56:20
48            android:name="com.unity3d.player.UnityPlayerActivity"
48-->[:unityLibrary] AndroidManifest.xml:38:13-66
49            android:configChanges="mcc|mnc|locale|touchscreen|keyboard|keyboardHidden|navigation|orientation|screenLayout|uiMode|screenSize|smallestScreenSize|fontScale|layoutDirection|density"
49-->[:unityLibrary] AndroidManifest.xml:39:13-194
50            android:hardwareAccelerated="false"
50-->[:unityLibrary] AndroidManifest.xml:40:13-48
51            android:launchMode="singleTask"
51-->[:unityLibrary] AndroidManifest.xml:41:13-44
52            android:screenOrientation="fullSensor"
52-->[:unityLibrary] AndroidManifest.xml:42:13-51
53            android:theme="@style/UnityThemeSelector" >
53-->[:unityLibrary] AndroidManifest.xml:43:13-54
54            <intent-filter>
54-->[:unityLibrary] AndroidManifest.xml:44:13-48:29
55                <action android:name="android.intent.action.MAIN" />
55-->[:unityLibrary] AndroidManifest.xml:45:17-69
55-->[:unityLibrary] AndroidManifest.xml:45:25-66
56
57                <category android:name="android.intent.category.LAUNCHER" />
57-->[:unityLibrary] AndroidManifest.xml:47:17-77
57-->[:unityLibrary] AndroidManifest.xml:47:27-74
58            </intent-filter>
59
60            <meta-data
60-->[:unityLibrary] AndroidManifest.xml:50:13-52:40
61                android:name="unityplayer.UnityActivity"
61-->[:unityLibrary] AndroidManifest.xml:51:17-57
62                android:value="true" />
62-->[:unityLibrary] AndroidManifest.xml:52:17-37
63            <meta-data
63-->[:unityLibrary] AndroidManifest.xml:53:13-55:40
64                android:name="android.notch_support"
64-->[:unityLibrary] AndroidManifest.xml:54:17-53
65                android:value="true" />
65-->[:unityLibrary] AndroidManifest.xml:55:17-37
66        </activity>
67
68        <meta-data
68-->[:unityLibrary] AndroidManifest.xml:58:9-60:33
69            android:name="unity.splash-mode"
69-->[:unityLibrary] AndroidManifest.xml:59:13-45
70            android:value="0" />
70-->[:unityLibrary] AndroidManifest.xml:60:13-30
71        <meta-data
71-->[:unityLibrary] AndroidManifest.xml:61:9-63:36
72            android:name="unity.splash-enable"
72-->[:unityLibrary] AndroidManifest.xml:62:13-47
73            android:value="True" />
73-->[:unityLibrary] AndroidManifest.xml:63:13-33
74        <meta-data
74-->[:unityLibrary] AndroidManifest.xml:64:9-66:50
75            android:name="notch.config"
75-->[:unityLibrary] AndroidManifest.xml:65:13-40
76            android:value="portrait|landscape" />
76-->[:unityLibrary] AndroidManifest.xml:66:13-47
77        <meta-data
77-->[:unityLibrary] AndroidManifest.xml:67:9-69:68
78            android:name="unity.build-id"
78-->[:unityLibrary] AndroidManifest.xml:68:13-42
79            android:value="581cdf18-4408-4315-ae05-e9ac672039dc" />
79-->[:unityLibrary] AndroidManifest.xml:69:13-65
80        <meta-data
80-->[:unityLibrary] AndroidManifest.xml:70:9-72:36
81            android:name="unityplayer.SkipPermissionsDialog"
81-->[:unityLibrary] AndroidManifest.xml:71:13-61
82            android:value="true" />
82-->[:unityLibrary] AndroidManifest.xml:72:13-33
83        <meta-data
83-->[:unityLibrary] AndroidManifest.xml:73:9-75:40
84            android:name="com.google.ar.core"
84-->[:unityLibrary] AndroidManifest.xml:74:13-46
85            android:value="required" /> <!-- The minimal version code of ARCore APK required for an app using this SDK. -->
85-->[:unityLibrary] AndroidManifest.xml:75:13-37
86        <meta-data
86-->[:arcore_client:] AndroidManifest.xml:33:9-35:41
87            android:name="com.google.ar.core.min_apk_version"
87-->[:arcore_client:] AndroidManifest.xml:34:13-62
88            android:value="190805000" /> <!-- This activity is critical for installing ARCore when it is not already present. -->
88-->[:arcore_client:] AndroidManifest.xml:35:13-38
89        <activity
89-->[:arcore_client:] AndroidManifest.xml:37:9-43:80
90            android:name="com.google.ar.core.InstallActivity"
90-->[:arcore_client:] AndroidManifest.xml:38:13-62
91            android:configChanges="keyboardHidden|orientation|screenSize"
91-->[:arcore_client:] AndroidManifest.xml:39:13-74
92            android:excludeFromRecents="true"
92-->[:arcore_client:] AndroidManifest.xml:40:13-46
93            android:exported="false"
93-->[:arcore_client:] AndroidManifest.xml:41:13-37
94            android:launchMode="singleTop"
94-->[:arcore_client:] AndroidManifest.xml:42:13-43
95            android:theme="@android:style/Theme.Material.Light.Dialog.Alert" />
95-->[:arcore_client:] AndroidManifest.xml:43:13-77
96    </application>
97
98</manifest>